# ELBREAD: Elaboration process.
# ELBREAD: Elaboration time 0.0 [s].
acom $DSN/src/OCTAVIAN/HexConverter.vhd
# Compile...
# File: d:\GitHubProjects\DSDRollingAverageProject\ROLLINGAVERAGE\WORK\src\OCTAVIAN\HexConverter.vhd
# Compile Entity "HEXCONVERTER"
# Entity `HEXCONVERTER' has been skipped - no difference detected.
# Compile Architecture "HEXCONVERTER" of Entity "HEXCONVERTER"
# Compile success 0 Errors 0 Warnings  Analysis time :  0.4 [s]
acom $DSN/src/RARES/FrequencyDivider.vhd
# Compile...
# File: d:\GitHubProjects\DSDRollingAverageProject\ROLLINGAVERAGE\WORK\src\RARES\FrequencyDivider.vhd
# Compile Entity "FrequencyDivider"
# Entity `FrequencyDivider' has been skipped - no difference detected.
# Compile Architecture "FreqDiv" of Entity "FrequencyDivider"
# Compile success 0 Errors 0 Warnings  Analysis time :  0.3 [s]
asim -advdataflow  rollingaverage rollingaverage
# ELBREAD: Elaboration process.
# ELBREAD: Elaboration time 0.0 [s].
# asim: Stack memory: 32MB
# asim: Retval memory: 32MB
# KERNEL: Main thread initiated.
# KERNEL: Kernel process initialization phase.
# KERNEL: Time resolution set to 1ps.
# ELAB2: Elaboration final pass...
# ELAB2: Create instances ...
# ELAB2: Create instances complete.
# ELAB2: Elaboration final pass complete - time: 0.1 [s].
# KERNEL: Kernel process initialization done.
# Allocation: Simulator allocated 2617 kB (elbread=1075 elab2=471 kernel=1071 sdf=0)
# 2:24 PM, Monday, May 11, 2020
# Simulation has been initialized
# Selected Top-Level: rollingaverage (rollingaverage)
run 1000 ns
# KERNEL: stopped at time: 1 us
run 1000 ns
# KERNEL: stopped at time: 2 us
run 1000 ns
# KERNEL: stopped at time: 3 us
run 1000 ns
# KERNEL: stopped at time: 4 us
run 1000 ns
# KERNEL: stopped at time: 5 us
run 1000 ns
# KERNEL: stopped at time: 6 us
run 1000 ns
# KERNEL: stopped at time: 7 us
run 1000 ns
# KERNEL: stopped at time: 8 us
run 1000 ns
# KERNEL: stopped at time: 9 us
run 1000 ns
# KERNEL: stopped at time: 10 us
run 1000 ns
# KERNEL: stopped at time: 11 us
run 1000 ns
# KERNEL: stopped at time: 12 us
run 1000 ns
# KERNEL: stopped at time: 13 us
run 1000 ns
# KERNEL: stopped at time: 14 us
run 1000 ns
# KERNEL: stopped at time: 15 us
run 1000 ns
# KERNEL: stopped at time: 16 us
run 1000 ns
# KERNEL: stopped at time: 17 us
run 1000 ns
# KERNEL: stopped at time: 18 us
run 1000 ns
# KERNEL: stopped at time: 19 us
run 1000 ns
# KERNEL: stopped at time: 20 us
run 1000 ns
# KERNEL: stopped at time: 21 us
run 1000 ns
# KERNEL: stopped at time: 22 us
run 1000 ns
# KERNEL: stopped at time: 23 us
run 1000 ns
# KERNEL: stopped at time: 24 us
run 1000 ns
# KERNEL: stopped at time: 25 us
run 1000 ns
# KERNEL: stopped at time: 26 us
run 1000 ns
# KERNEL: stopped at time: 27 us
run 1000 ns
# KERNEL: stopped at time: 28 us
run 1000 ns
# KERNEL: stopped at time: 29 us
run 1000 ns
# KERNEL: stopped at time: 30 us
endsim
# All when statements cleared.
# Simulation has been stopped
asim -advdataflow  rollingaverage rollingaverage
# ELBREAD: Elaboration process.
# ELBREAD: Elaboration time 0.0 [s].
# asim: Stack memory: 32MB
# asim: Retval memory: 32MB
# KERNEL: Main thread initiated.
# KERNEL: Kernel process initialization phase.
# KERNEL: Time resolution set to 1ps.
# ELAB2: Elaboration final pass...
# ELAB2: Create instances ...
# ELAB2: Create instances complete.
# ELAB2: Elaboration final pass complete - time: 0.1 [s].
# KERNEL: Kernel process initialization done.
# Allocation: Simulator allocated 2617 kB (elbread=1075 elab2=471 kernel=1071 sdf=0)
# 2:43 PM, Monday, May 11, 2020
# Simulation has been initialized
# Selected Top-Level: rollingaverage (rollingaverage)
run 1000 ns
# KERNEL: stopped at time: 1 us
run 1000 ns
# KERNEL: stopped at time: 2 us
run 1000 ns
# KERNEL: stopped at time: 3 us
run 1000 ns
# KERNEL: stopped at time: 4 us
run 1000 ns
# KERNEL: stopped at time: 5 us
run 1000 ns
# KERNEL: stopped at time: 6 us
run 1000 ns
# KERNEL: stopped at time: 7 us
run 1000 ns
# KERNEL: stopped at time: 8 us
run 1000 ns
# KERNEL: stopped at time: 9 us
run 1000 ns
# KERNEL: stopped at time: 10 us
run 1000 ns
# KERNEL: stopped at time: 11 us
run 1000 ns
# KERNEL: stopped at time: 12 us
run 1000 ns
# KERNEL: stopped at time: 13 us
run 1000 ns
# KERNEL: stopped at time: 14 us
run 1000 ns
# KERNEL: stopped at time: 15 us
run 1000 ns
# KERNEL: stopped at time: 16 us
run 1000 ns
# KERNEL: stopped at time: 17 us
run 1000 ns
# KERNEL: stopped at time: 18 us
run 1000 ns
# KERNEL: stopped at time: 19 us
run 1000 ns
# KERNEL: stopped at time: 20 us
run 1000 ns
# KERNEL: stopped at time: 21 us
run 1000 ns
# KERNEL: stopped at time: 22 us
run 1000 ns
# KERNEL: stopped at time: 23 us
run 1000 ns
# KERNEL: stopped at time: 24 us
run 1000 ns
# KERNEL: stopped at time: 25 us
run 1000 ns
# KERNEL: stopped at time: 26 us
endsim
# All when statements cleared.
# Simulation has been stopped
asim -advdataflow  rollingaverage rollingaverage
# ELBREAD: Elaboration process.
# ELBREAD: Elaboration time 0.0 [s].
# asim: Stack memory: 32MB
# asim: Retval memory: 32MB
# KERNEL: Main thread initiated.
# KERNEL: Kernel process initialization phase.
# KERNEL: Time resolution set to 1ps.
# ELAB2: Elaboration final pass...
# ELAB2: Create instances ...
# ELAB2: Create instances complete.
# ELAB2: Elaboration final pass complete - time: 0.1 [s].
# KERNEL: Kernel process initialization done.
# Allocation: Simulator allocated 2617 kB (elbread=1075 elab2=471 kernel=1071 sdf=0)
# 2:44 PM, Monday, May 11, 2020
# Simulation has been initialized
# Selected Top-Level: rollingaverage (rollingaverage)
run 1000 ns
# KERNEL: stopped at time: 1 us
run 1000 ns
# KERNEL: stopped at time: 2 us
run 1000 ns
# KERNEL: stopped at time: 3 us
run 1000 ns
# KERNEL: stopped at time: 4 us
run 1000 ns
# KERNEL: stopped at time: 5 us
run 1000 ns
# KERNEL: stopped at time: 6 us
run 1000 ns
# KERNEL: stopped at time: 7 us
run 1000 ns
# KERNEL: stopped at time: 8 us
run 1000 ns
# KERNEL: stopped at time: 9 us
run 1000 ns
# KERNEL: stopped at time: 10 us
run 1000 ns
# KERNEL: stopped at time: 11 us
run 1000 ns
# KERNEL: stopped at time: 12 us
run 1000 ns
# KERNEL: stopped at time: 13 us
run 1000 ns
# KERNEL: stopped at time: 14 us
run 1000 ns
# KERNEL: stopped at time: 15 us
run 1000 ns
# KERNEL: stopped at time: 16 us
run 1000 ns
# KERNEL: stopped at time: 17 us
run 1000 ns
# KERNEL: stopped at time: 18 us
run 1000 ns
# KERNEL: stopped at time: 19 us
run 1000 ns
# KERNEL: stopped at time: 20 us
run 1000 ns
# KERNEL: stopped at time: 21 us
run 1000 ns
# KERNEL: stopped at time: 22 us
run 1000 ns
# KERNEL: stopped at time: 23 us
run 1000 ns
# KERNEL: stopped at time: 24 us
run 1000 ns
# KERNEL: stopped at time: 25 us
run 1000 ns
# KERNEL: stopped at time: 26 us
run 1000 ns
# KERNEL: stopped at time: 27 us
endsim
# All when statements cleared.
# Simulation has been stopped
asim -advdataflow  rollingaverage rollingaverage
# ELBREAD: Elaboration process.
# ELBREAD: Elaboration time 0.0 [s].
# asim: Stack memory: 32MB
# asim: Retval memory: 32MB
# KERNEL: Main thread initiated.
# KERNEL: Kernel process initialization phase.
# KERNEL: Time resolution set to 1ps.
# ELAB2: Elaboration final pass...
# ELAB2: Create instances ...
# ELAB2: Create instances complete.
# ELAB2: Elaboration final pass complete - time: 0.1 [s].
# KERNEL: Kernel process initialization done.
# Allocation: Simulator allocated 2617 kB (elbread=1075 elab2=471 kernel=1071 sdf=0)
# 2:46 PM, Monday, May 11, 2020
# Simulation has been initialized
# Selected Top-Level: rollingaverage (rollingaverage)
run 1000 ns
# KERNEL: stopped at time: 1 us
run 1000 ns
# KERNEL: stopped at time: 2 us
run 1000 ns
# KERNEL: stopped at time: 3 us
run 1000 ns
# KERNEL: stopped at time: 4 us
run 1000 ns
# KERNEL: stopped at time: 5 us
run 10000 ns
# KERNEL: stopped at time: 15 us
endsim
# All when statements cleared.
# Simulation has been stopped
asim -advdataflow  rollingaverage rollingaverage
# ELBREAD: Elaboration process.
# ELBREAD: Elaboration time 0.0 [s].
# asim: Stack memory: 32MB
# asim: Retval memory: 32MB
# KERNEL: Main thread initiated.
# KERNEL: Kernel process initialization phase.
# KERNEL: Time resolution set to 1ps.
# ELAB2: Elaboration final pass...
# ELAB2: Create instances ...
# ELAB2: Create instances complete.
# ELAB2: Elaboration final pass complete - time: 0.1 [s].
# KERNEL: Kernel process initialization done.
# Allocation: Simulator allocated 2617 kB (elbread=1075 elab2=471 kernel=1071 sdf=0)
# 2:46 PM, Monday, May 11, 2020
# Simulation has been initialized
# Selected Top-Level: rollingaverage (rollingaverage)
run 10000 ns
# KERNEL: stopped at time: 10 us
run 10000 ns
# KERNEL: stopped at time: 20 us
run 10000 ns
# KERNEL: stopped at time: 30 us
run 10000 ns
# KERNEL: stopped at time: 40 us
run 10000 ns
# KERNEL: stopped at time: 50 us
run 10000 ns
# KERNEL: stopped at time: 60 us
run 10000 ns
# KERNEL: stopped at time: 70 us
run 10000 ns
# KERNEL: stopped at time: 80 us
endsim
# All when statements cleared.
# Simulation has been stopped
asim -advdataflow  rollingaverage rollingaverage
# ELBREAD: Elaboration process.
# ELBREAD: Elaboration time 0.0 [s].
# asim: Stack memory: 32MB
# asim: Retval memory: 32MB
# KERNEL: Main thread initiated.
# KERNEL: Kernel process initialization phase.
# KERNEL: Time resolution set to 1ps.
# ELAB2: Elaboration final pass...
# ELAB2: Create instances ...
# ELAB2: Create instances complete.
# ELAB2: Elaboration final pass complete - time: 0.1 [s].
# KERNEL: Kernel process initialization done.
# Allocation: Simulator allocated 2617 kB (elbread=1075 elab2=471 kernel=1071 sdf=0)
# 2:48 PM, Monday, May 11, 2020
# Simulation has been initialized
# Selected Top-Level: rollingaverage (rollingaverage)
run 1000 ns
# KERNEL: stopped at time: 1 us
run 1000 ns
# KERNEL: stopped at time: 2 us
run 1000 ns
# KERNEL: stopped at time: 3 us
run 1000 ns
# KERNEL: stopped at time: 4 us
run 1000 ns
# KERNEL: stopped at time: 5 us
run 1000 ns
# KERNEL: stopped at time: 6 us
run 1000 ns
# KERNEL: stopped at time: 7 us
run 1000 ns
# KERNEL: stopped at time: 8 us
run 1000 ns
# KERNEL: stopped at time: 9 us
run 1000 ns
# KERNEL: stopped at time: 10 us
run 1000 ns
# KERNEL: stopped at time: 11 us
run 1000 ns
# KERNEL: stopped at time: 12 us
run 1000 ns
# KERNEL: stopped at time: 13 us
run 1000 ns
# KERNEL: stopped at time: 14 us
endsim
# All when statements cleared.
# Simulation has been stopped
asim -advdataflow  rollingaverage rollingaverage
# ELBREAD: Elaboration process.
# ELBREAD: Elaboration time 0.0 [s].
# asim: Stack memory: 32MB
# asim: Retval memory: 32MB
# KERNEL: Main thread initiated.
# KERNEL: Kernel process initialization phase.
# KERNEL: Time resolution set to 1ps.
# ELAB2: Elaboration final pass...
# ELAB2: Create instances ...
# ELAB2: Create instances complete.
# ELAB2: Elaboration final pass complete - time: 0.1 [s].
# KERNEL: Kernel process initialization done.
# Allocation: Simulator allocated 2617 kB (elbread=1075 elab2=471 kernel=1071 sdf=0)
# 2:54 PM, Monday, May 11, 2020
# Simulation has been initialized
# Selected Top-Level: rollingaverage (rollingaverage)
run 1000 ns
# KERNEL: stopped at time: 1 us
run 1000 ns
# KERNEL: stopped at time: 2 us
run 1000 ns
# KERNEL: stopped at time: 3 us
run 1000 ns
# KERNEL: stopped at time: 4 us
run 1000 ns
# KERNEL: stopped at time: 5 us
run 1000 ns
# KERNEL: stopped at time: 6 us
run 1000 ns
# KERNEL: stopped at time: 7 us
run 1000 ns
# KERNEL: stopped at time: 8 us
run 1000 ns
# KERNEL: stopped at time: 9 us
run 1000 ns
# KERNEL: stopped at time: 10 us
run 1000 ns
# KERNEL: stopped at time: 11 us
run 1000 ns
# KERNEL: stopped at time: 12 us
run 1000 ns
# KERNEL: stopped at time: 13 us
run 1000 ns
# KERNEL: stopped at time: 14 us
run 1000 ns
# KERNEL: stopped at time: 15 us
run 1000 ns
# KERNEL: stopped at time: 16 us
run 1000 ns
# KERNEL: stopped at time: 17 us
run 1000 ns
# KERNEL: stopped at time: 18 us
run 1000 ns
# KERNEL: stopped at time: 19 us
run 1000 ns
# KERNEL: stopped at time: 20 us
run 1000 ns
# KERNEL: stopped at time: 21 us
run 1000 ns
# KERNEL: stopped at time: 22 us
run 1000 ns
# KERNEL: stopped at time: 23 us
run 1000 ns
# KERNEL: stopped at time: 24 us
run 1000 ns
# KERNEL: stopped at time: 25 us
run 1000 ns
# KERNEL: stopped at time: 26 us
run 1000 ns
# KERNEL: stopped at time: 27 us
run 1000 ns
# KERNEL: stopped at time: 28 us
run 1000 ns
# KERNEL: stopped at time: 29 us
run 1000 ns
# KERNEL: stopped at time: 30 us
run 1000 ns
# KERNEL: stopped at time: 31 us
endsim
# All when statements cleared.
# Simulation has been stopped
asim -advdataflow  rollingaverage rollingaverage
# ELBREAD: Elaboration process.
# ELBREAD: Elaboration time 0.0 [s].
# asim: Stack memory: 32MB
# asim: Retval memory: 32MB
# KERNEL: Main thread initiated.
# KERNEL: Kernel process initialization phase.
# KERNEL: Time resolution set to 1ps.
# ELAB2: Elaboration final pass...
# ELAB2: Create instances ...
# ELAB2: Create instances complete.
# ELAB2: Elaboration final pass complete - time: 0.1 [s].
# KERNEL: Kernel process initialization done.
# Allocation: Simulator allocated 2617 kB (elbread=1075 elab2=471 kernel=1071 sdf=0)
# 2:55 PM, Monday, May 11, 2020
# Simulation has been initialized
# Selected Top-Level: rollingaverage (rollingaverage)
run 1000 ns
# KERNEL: stopped at time: 1 us
run 1000 ns
# KERNEL: stopped at time: 2 us
run 1000 ns
# KERNEL: stopped at time: 3 us
run 1000 ns
# KERNEL: stopped at time: 4 us
run 1000 ns
# KERNEL: stopped at time: 5 us
run 1000 ns
# KERNEL: stopped at time: 6 us
run 1000 ns
# KERNEL: stopped at time: 7 us
run 1000 ns
# KERNEL: stopped at time: 8 us
run 1000 ns
# KERNEL: stopped at time: 9 us
run 1000 ns
# KERNEL: stopped at time: 10 us
run 1000 ns
# KERNEL: stopped at time: 11 us
run 1000 ns
# KERNEL: stopped at time: 12 us
run 1000 ns
# KERNEL: stopped at time: 13 us
run 1000 ns
# KERNEL: stopped at time: 14 us
run 1000 ns
# KERNEL: stopped at time: 15 us
run 1000 ns
# KERNEL: stopped at time: 16 us
run 1000 ns
# KERNEL: stopped at time: 17 us
run 1000 ns
# KERNEL: stopped at time: 18 us
run 1000 ns
# KERNEL: stopped at time: 19 us
run 1000 ns
# KERNEL: stopped at time: 20 us
run 1000 ns
# KERNEL: stopped at time: 21 us
run 1000 ns
# KERNEL: stopped at time: 22 us
run 1000 ns
# KERNEL: stopped at time: 23 us
run 1000 ns
# KERNEL: stopped at time: 24 us
run 1000 ns
# KERNEL: stopped at time: 25 us
run 1000 ns
# KERNEL: stopped at time: 26 us
run 1000 ns
# KERNEL: stopped at time: 27 us
run 1000 ns
# KERNEL: stopped at time: 28 us
run 1000 ns
# KERNEL: stopped at time: 29 us
endsim
# All when statements cleared.
# Simulation has been stopped
asim -advdataflow  rollingaverage rollingaverage
# ELBREAD: Elaboration process.
# ELBREAD: Elaboration time 0.0 [s].
# asim: Stack memory: 32MB
# asim: Retval memory: 32MB
# KERNEL: Main thread initiated.
# KERNEL: Kernel process initialization phase.
# KERNEL: Time resolution set to 1ps.
# ELAB2: Elaboration final pass...
# ELAB2: Create instances ...
# ELAB2: Create instances complete.
# ELAB2: Elaboration final pass complete - time: 0.1 [s].
# KERNEL: Kernel process initialization done.
# Allocation: Simulator allocated 2617 kB (elbread=1075 elab2=471 kernel=1071 sdf=0)
# 2:59 PM, Monday, May 11, 2020
# Simulation has been initialized
# Selected Top-Level: rollingaverage (rollingaverage)
run 1000 ns
# KERNEL: stopped at time: 1 us
run 1000 ns
# KERNEL: stopped at time: 2 us
run 1000 ns
# KERNEL: stopped at time: 3 us
run 1000 ns
# KERNEL: stopped at time: 4 us
run 1000 ns
# KERNEL: stopped at time: 5 us
run 1000 ns
# KERNEL: stopped at time: 6 us
run 1000 ns
# KERNEL: stopped at time: 7 us
run 1000 ns
# KERNEL: stopped at time: 8 us
run 1000 ns
# KERNEL: stopped at time: 9 us
run 1000 ns
# KERNEL: stopped at time: 10 us
run 1000 ns
# KERNEL: stopped at time: 11 us
run 1000 ns
# KERNEL: stopped at time: 12 us
run 1000 ns
# KERNEL: stopped at time: 13 us
run 1000 ns
# KERNEL: stopped at time: 14 us
run 1000 ns
# KERNEL: stopped at time: 15 us
run 1000 ns
# KERNEL: stopped at time: 16 us
run 1000 ns
# KERNEL: stopped at time: 17 us
run 1000 ns
# KERNEL: stopped at time: 18 us
run 1000 ns
# KERNEL: stopped at time: 19 us
run 1000 ns
# KERNEL: stopped at time: 20 us
run 1000 ns
# KERNEL: stopped at time: 21 us
run 1000 ns
# KERNEL: stopped at time: 22 us
run 1000 ns
# KERNEL: stopped at time: 23 us
run 1000 ns
# KERNEL: stopped at time: 24 us
run 1000 ns
# KERNEL: stopped at time: 25 us
run 1000 ns
# KERNEL: stopped at time: 26 us
run 1000 ns
# KERNEL: stopped at time: 27 us
run 1000 ns
# KERNEL: stopped at time: 28 us
run 1000 ns
# KERNEL: stopped at time: 29 us
run 1000 ns
# KERNEL: stopped at time: 30 us
run 1000 ns
# KERNEL: stopped at time: 31 us
run 1000 ns
# KERNEL: stopped at time: 32 us
run 1000 ns
# KERNEL: stopped at time: 33 us
run 1000 ns
# KERNEL: stopped at time: 34 us
run 1000 ns
# KERNEL: stopped at time: 35 us
run 1000 ns
# KERNEL: stopped at time: 36 us
run 1000 ns
# KERNEL: stopped at time: 37 us
run 1000 ns
# KERNEL: stopped at time: 38 us
run 1000 ns
# KERNEL: stopped at time: 39 us
run 1000 ns
# KERNEL: stopped at time: 40 us
run 1000 ns
# KERNEL: stopped at time: 41 us
run 1000 ns
# KERNEL: stopped at time: 42 us
run 1000 ns
# KERNEL: stopped at time: 43 us
run 1000 ns
# KERNEL: stopped at time: 44 us
run 1000 ns
# KERNEL: stopped at time: 45 us
run 1000 ns
# KERNEL: stopped at time: 46 us
run 1000 ns
# KERNEL: stopped at time: 47 us
run 1000 ns
# KERNEL: stopped at time: 48 us
run 1000 ns
# KERNEL: stopped at time: 49 us
run 1000 ns
# KERNEL: stopped at time: 50 us
run 1000 ns
# KERNEL: stopped at time: 51 us
run 1000 ns
# KERNEL: stopped at time: 52 us
run 1000 ns
# KERNEL: stopped at time: 53 us
run 1000 ns
# KERNEL: stopped at time: 54 us
run 1000 ns
# KERNEL: stopped at time: 55 us
run 1000 ns
# KERNEL: stopped at time: 56 us
run 1000 ns
# KERNEL: stopped at time: 57 us
run 1000 ns
# KERNEL: stopped at time: 58 us
run 1000 ns
# KERNEL: stopped at time: 59 us
run 10000 ns
# KERNEL: stopped at time: 69 us
run 10000 ns
# KERNEL: stopped at time: 79 us
run 10000 ns
# KERNEL: stopped at time: 89 us
endsim
# All when statements cleared.
# Simulation has been stopped
